<?xml version="1.0" encoding="UTF-8"?>
<!-- Generated by org.testng.reporters.JUnitReportReporter -->
<testsuite hostname="Kavin" failures="0" tests="1" name="tutorialsninja.register.TC_RF_021" time="8.339" errors="0" timestamp="2025-02-16T04:16:42 IST" skipped="0">
  <testcase classname="tutorialsninja.register.TC_RF_021" name="VerifyRegisteringAccountWithoutPrivacyPolicySelection" time="8.339"/>
  <system-out/>
</testsuite> <!-- tutorialsninja.register.TC_RF_021 -->
