<?xml version="1.0" encoding="UTF-8"?>
<!-- Generated by org.testng.reporters.JUnitReportReporter -->
<testsuite hostname="Kavin" failures="0" tests="1" name="tutorialsninja.register.TC_RF_003" time="6.771" errors="0" timestamp="2025-02-10T20:23:45 IST" skipped="0">
  <testcase classname="tutorialsninja.register.TC_RF_003" name="verifyRegisterAccountWithAllFields" time="6.771"/>
</testsuite> <!-- tutorialsninja.register.TC_RF_003 -->
