<?xml version="1.0" encoding="UTF-8"?>
<!-- Generated by org.testng.reporters.JUnitReportReporter -->
<testsuite hostname="Kavin" failures="0" tests="1" name="tutorialsninja.register.TC_RF_004" time="5.200" errors="0" timestamp="2025-02-10T20:50:46 IST" skipped="0">
  <testcase classname="tutorialsninja.register.TC_RF_004" name="verifyingRegistringWithoutFilling" time="5.200"/>
</testsuite> <!-- tutorialsninja.register.TC_RF_004 -->
