<?xml version="1.0" encoding="UTF-8"?>
<!-- Generated by org.testng.reporters.JUnitReportReporter -->
<testsuite hostname="Kavin" failures="0" tests="1" name="tutorialsninja.register.TC_RF_022" time="4.647" errors="0" timestamp="2025-02-16T04:28:31 IST" skipped="0">
  <testcase classname="tutorialsninja.register.TC_RF_022" name="verifyVisibilityTogglineOfPasswordFieldsOnRegisteringAccount" time="4.647"/>
  <system-out/>
</testsuite> <!-- tutorialsninja.register.TC_RF_022 -->
