<?xml version="1.0" encoding="UTF-8"?>
<!-- Generated by org.testng.reporters.JUnitReportReporter -->
<testsuite hostname="Kavin" failures="0" tests="1" name="tutorialsninja.register.TC_RF_006" time="13.056" errors="0" timestamp="2025-02-11T21:45:13 IST" skipped="0">
  <testcase classname="tutorialsninja.register.TC_RF_006" name="verifySubscriptionNo" time="13.056"/>
</testsuite> <!-- tutorialsninja.register.TC_RF_006 -->
