<?xml version="1.0" encoding="UTF-8"?>
<!-- Generated by org.testng.reporters.JUnitReportReporter -->
<testsuite hostname="Kavin" failures="0" tests="1" name="tutorialsninja.register.TC_RF_018" time="70.541" errors="0" timestamp="2025-02-16T01:39:34 IST" skipped="0">
  <testcase classname="tutorialsninja.register.TC_RF_018" name="verifyRegisteringAccountFieldWidth" time="70.541"/>
</testsuite> <!-- tutorialsninja.register.TC_RF_018 -->
