<?xml version="1.0" encoding="UTF-8"?>
<!-- Generated by org.testng.reporters.JUnitReportReporter -->
<testsuite hostname="Kavin" failures="0" tests="1" name="tutorialsninja.register.TC_RF_016" time="7.308" errors="0" timestamp="2025-02-15T20:34:25 IST" skipped="0">
  <testcase classname="tutorialsninja.register.TC_RF_016" name="verifyRegisterAccountWithOnlySpaces" time="7.308"/>
</testsuite> <!-- tutorialsninja.register.TC_RF_016 -->
